[debug] > Exec(early(addDefaultCommands), None, None)
[debug] > Exec(addDefaultCommands, None, None)
[debug] > Exec(early(initialize), None, None)
[debug] > Exec(initialize, None, None)
[debug] > Exec(boot, None, None)
[debug] > Exec(writeSbtVersion, None, None)
[debug] > Exec(reload, None, None)
[debug] > Exec(sbtStashOnFailure, None, None)
[debug] > Exec(onFailure loadFailed, None, None)
[debug] > Exec(loadp, None, None)
[info] welcome to sbt 1.4.7 (AdoptOpenJDK Java 15.0.1)
[debug] Load.defaultLoad until apply took 261.399938ms
[debug]           Load.loadUnit: plugins took 92.42231ms
[debug]           Load.loadUnit: defsScala took 0.479573ms
[debug] [Loading] Scanning directory /home/peik/IdeaProjects/drawing-program/project
[debug] [Loading] Found non-root projects 
[debug] [Loading] Done in /home/peik/IdeaProjects/drawing-program/project, returning: ()
[debug] deducing auto plugins based on known facts Set(Atom(sbt.plugins.CorePlugin)) and clauses Clauses(List(Clause(Atom(sbt.plugins.JvmPlugin),Set(Atom(sbt.plugins.IvyPlugin))), Clause(Atom(sbt.ScriptedPlugin),Set(Atom(sbt.plugins.JvmPlugin))), Clause(Atom(sbt.plugins.SbtPlugin),Set(Atom(sbt.ScriptedPlugin))), Clause(Atom(sbt.plugins.SemanticdbPlugin),Set(Atom(sbt.plugins.JvmPlugin))), Clause(Atom(sbt.plugins.JUnitXmlReportPlugin),Set(Atom(sbt.plugins.JvmPlugin))), Clause(Atom(sbt.plugins.MiniDependencyTreePlugin),Set(Atom(sbt.plugins.JvmPlugin))), Clause(Atom(sbt.plugins.CorePlugin),Set(Atom(sbt.plugins.IvyPlugin))), Clause(Atom(sbt.plugins.IvyPlugin),Set(Atom(sbt.plugins.JvmPlugin))), Clause(Atom(sbt.plugins.JvmPlugin),Set(Atom(sbt.plugins.SemanticdbPlugin))), Clause(Atom(sbt.plugins.JvmPlugin),Set(Atom(sbt.plugins.JUnitXmlReportPlugin))), Clause(Atom(sbt.plugins.CorePlugin),Set(Atom(sbt.plugins.Giter8TemplatePlugin))), Clause(Atom(sbt.plugins.JvmPlugin),Set(Atom(sbt.plugins.MiniDependencyTreePlugin)))))
[debug]   :: deduced result: Matched(sbt.plugins.CorePlugin,sbt.plugins.Giter8TemplatePlugin,sbt.plugins.IvyPlugin,sbt.plugins.JvmPlugin,sbt.plugins.MiniDependencyTreePlugin,sbt.plugins.JUnitXmlReportPlugin,sbt.plugins.SemanticdbPlugin)
[debug] Plugins.deducer#function took 35.711552 ms
[debug]               Load.resolveProject(drawing-program-build) took 65.258584ms
[debug]             Load.loadTransitive: finalizeProject(Project(id drawing-program-build, base: /home/peik/IdeaProjects/drawing-program/project, plugins: List(<none>))) took 136.002426ms
[debug] [Loading] Done in /home/peik/IdeaProjects/drawing-program/project, returning: (drawing-program-build)
[debug]           Load.loadUnit: loadedProjectsRaw took 170.223575ms
[debug]           Load.loadUnit: cleanEvalClasses took 0.366694ms
[debug]         Load.loadUnit(file:/home/peik/IdeaProjects/drawing-program/project/, ...) took 273.873257ms
[debug]       Load.apply: load took 455.135201ms
[debug]       Load.apply: resolveProjects took 7.615428ms
[debug]       Load.apply: finalTransforms took 81.409838ms
[debug]       Load.apply: config.delegates took 10.099573ms
[debug]       Load.apply: Def.make(settings)... took 451.533596ms
[debug]       Load.apply: structureIndex took 135.048349ms
[debug]       Load.apply: mkStreams took 2.211772ms
[info] loading project definition from /home/peik/IdeaProjects/drawing-program/project
[debug] Running task... Cancel: Signal, check cycles: false, forcegc: true
[debug]     Load.loadUnit: plugins took 5213.394491ms
[debug]     Load.loadUnit: defsScala took 0.003989ms
[debug] [Loading] Scanning directory /home/peik/IdeaProjects/drawing-program
[debug]       Load.loadUnit: mkEval took 5.010215ms
[debug] [Loading] Found non-root projects 
[debug] [Loading] Done in /home/peik/IdeaProjects/drawing-program, returning: ()
[debug] deducing auto plugins based on known facts Set(Atom(sbt.plugins.CorePlugin)) and clauses Clauses(List(Clause(Atom(sbt.plugins.JvmPlugin),Set(Atom(sbt.plugins.IvyPlugin))), Clause(Atom(sbt.ScriptedPlugin),Set(Atom(sbt.plugins.JvmPlugin))), Clause(Atom(sbt.plugins.SbtPlugin),Set(Atom(sbt.ScriptedPlugin))), Clause(Atom(sbt.plugins.SemanticdbPlugin),Set(Atom(sbt.plugins.JvmPlugin))), Clause(Atom(sbt.plugins.JUnitXmlReportPlugin),Set(Atom(sbt.plugins.JvmPlugin))), Clause(Atom(sbt.plugins.MiniDependencyTreePlugin),Set(Atom(sbt.plugins.JvmPlugin))), Clause(Atom(sbt.plugins.CorePlugin),Set(Atom(sbt.plugins.IvyPlugin))), Clause(Atom(sbt.plugins.IvyPlugin),Set(Atom(sbt.plugins.JvmPlugin))), Clause(Atom(sbt.plugins.JvmPlugin),Set(Atom(sbt.plugins.SemanticdbPlugin))), Clause(Atom(sbt.plugins.JvmPlugin),Set(Atom(sbt.plugins.JUnitXmlReportPlugin))), Clause(Atom(sbt.plugins.CorePlugin),Set(Atom(sbt.plugins.Giter8TemplatePlugin))), Clause(Atom(sbt.plugins.JvmPlugin),Set(Atom(sbt.plugins.MiniDependencyTreePlugin)))))
[debug]   :: deduced result: Matched(sbt.plugins.CorePlugin,sbt.plugins.Giter8TemplatePlugin,sbt.plugins.IvyPlugin,sbt.plugins.JvmPlugin,sbt.plugins.MiniDependencyTreePlugin,sbt.plugins.JUnitXmlReportPlugin,sbt.plugins.SemanticdbPlugin)
[debug] Plugins.deducer#function took 3.862019 ms
[info] loading settings for project drawing-program from build.sbt ...
[debug]         Load.resolveProject(drawing-program) took 4.328602ms
[debug]       Load.loadTransitive: finalizeProject(Project(id drawing-program, base: /home/peik/IdeaProjects/drawing-program, plugins: List(<none>))) took 9.853907ms
[debug] [Loading] Done in /home/peik/IdeaProjects/drawing-program, returning: (drawing-program)
[debug]     Load.loadUnit: loadedProjectsRaw took 2673.122074ms
[debug]     Load.loadUnit: cleanEvalClasses took 4.499496ms
[debug]   Load.loadUnit(file:/home/peik/IdeaProjects/drawing-program/, ...) took 7893.170017ms
[debug] Load.apply: load took 7922.228356ms
[debug] Load.apply: resolveProjects took 0.147105ms
[debug] Load.apply: finalTransforms took 13.888009ms
[debug] Load.apply: config.delegates took 0.729528ms
[debug] Load.apply: Def.make(settings)... took 87.899427ms
[debug] Load.apply: structureIndex took 42.425559ms
[debug] Load.apply: mkStreams took 0.00674ms
[info] set current project to drawing-program (in build file:/home/peik/IdeaProjects/drawing-program/)
[debug] > Exec(sbtPopOnFailure, None, None)
[debug] > Exec(resumeFromFailure, None, None)
[debug] > Exec(notifyUsersAboutShell, None, None)
[debug] > Exec(iflast shell, None, None)
[debug] > Exec(shell, None, None)
[info] sbt server started at local:///home/peik/.sbt/1.0/server/b3afc05967c5514a040b/sock
[info] started sbt server
